<?xml version="1.0" encoding="UTF-8"?>
<!-- Generated by org.testng.reporters.JUnitReportReporter -->
<testsuite hostname="laxmi" failures="0" tests="3" name="com.testng.SimpleAnnotations" time="0.015" errors="0" timestamp="2025-09-10T07:12:39 IST" skipped="0">
  <testcase classname="com.testng.SimpleAnnotations" name="search" time="0.009"/>
  <testcase classname="com.testng.SimpleAnnotations" name="addToCart" time="0.003"/>
  <testcase classname="com.testng.SimpleAnnotations" name="payment" time="0.003"/>
</testsuite> <!-- com.testng.SimpleAnnotations -->
