<?xml version="1.0" encoding="UTF-8"?>
<!-- Generated by org.testng.reporters.JUnitReportReporter -->
<testsuite hostname="laxmi" failures="0" tests="5" name="com.testng.InvocationCountClass" time="19.195" errors="0" timestamp="2025-09-11T22:31:37 IST" skipped="0">
  <testcase classname="com.testng.InvocationCountClass" name="launch" time="2.792"/>
  <testcase classname="com.testng.InvocationCountClass" name="launch" time="7.532"/>
  <testcase classname="com.testng.InvocationCountClass" name="launch" time="2.931"/>
  <testcase classname="com.testng.InvocationCountClass" name="launch" time="3.016"/>
  <testcase classname="com.testng.InvocationCountClass" name="launch" time="2.924"/>
</testsuite> <!-- com.testng.InvocationCountClass -->
