<?xml version="1.0" encoding="UTF-8"?>
<!-- Generated by org.testng.reporters.JUnitReportReporter -->
<testsuite hostname="laxmi" failures="0" tests="6" name="com.testng.GroupingClass" time="0.016" errors="0" timestamp="2025-09-10T07:40:19 IST" skipped="0">
  <testcase classname="com.testng.GroupingClass" name="kiran" time="0.002"/>
  <testcase classname="com.testng.GroupingClass" name="vijay" time="0.002"/>
  <testcase classname="com.testng.GroupingClass" name="RRR" time="0.006"/>
  <testcase classname="com.testng.GroupingClass" name="leo" time="0.002"/>
  <testcase classname="com.testng.GroupingClass" name="ajith" time="0.002"/>
  <testcase classname="com.testng.GroupingClass" name="jailer" time="0.002"/>
</testsuite> <!-- com.testng.GroupingClass -->
